*ERROR* 	2016/01/12 - 20:53:54: You have an error in your SQL syntax; check the manual that corresponds to your MySQL server version for the right syntax to use near ') 
    and b.id_shop=1
    GROUP BY id_product' at line 4<br /><br /><pre>SELECT a.id_product,a.reference,a.price,b.name,b.link_rewrite,c.id_image from ps_product a  
    RIGHT JOIN  ps_product_lang b on a.id_product=b.id_product  
    RIGHT JOIN ps_image c on a.id_product=c.id_product 
    where a.reference in () 
    and b.id_shop=1
    GROUP BY id_product</pre> at line 791 in file classes/db/Db.php
*ERROR* 	2016/01/12 - 20:53:59: You have an error in your SQL syntax; check the manual that corresponds to your MySQL server version for the right syntax to use near ') 
    and b.id_shop=1
    GROUP BY id_product' at line 4<br /><br /><pre>SELECT a.id_product,a.reference,a.price,b.name,b.link_rewrite,c.id_image from ps_product a  
    RIGHT JOIN  ps_product_lang b on a.id_product=b.id_product  
    RIGHT JOIN ps_image c on a.id_product=c.id_product 
    where a.reference in () 
    and b.id_shop=1
    GROUP BY id_product</pre> at line 791 in file classes/db/Db.php
*ERROR* 	2016/01/12 - 20:54:09: You have an error in your SQL syntax; check the manual that corresponds to your MySQL server version for the right syntax to use near ') 
    and b.id_shop=1
    GROUP BY id_product' at line 4<br /><br /><pre>SELECT a.id_product,a.reference,a.price,b.name,b.link_rewrite,c.id_image from ps_product a  
    RIGHT JOIN  ps_product_lang b on a.id_product=b.id_product  
    RIGHT JOIN ps_image c on a.id_product=c.id_product 
    where a.reference in () 
    and b.id_shop=1
    GROUP BY id_product</pre> at line 791 in file classes/db/Db.php
*ERROR* 	2016/01/12 - 20:58:34: You have an error in your SQL syntax; check the manual that corresponds to your MySQL server version for the right syntax to use near ') 
    and b.id_shop=1
    GROUP BY id_product' at line 4<br /><br /><pre>SELECT a.id_product,a.reference,a.price,b.name,b.link_rewrite,c.id_image from ps_product a  
    RIGHT JOIN  ps_product_lang b on a.id_product=b.id_product  
    RIGHT JOIN ps_image c on a.id_product=c.id_product 
    where a.reference in () 
    and b.id_shop=1
    GROUP BY id_product</pre> at line 791 in file classes/db/Db.php
*ERROR* 	2016/01/12 - 21:05:33: You have an error in your SQL syntax; check the manual that corresponds to your MySQL server version for the right syntax to use near ') 
    and b.id_shop=1
    GROUP BY id_product' at line 4<br /><br /><pre>SELECT a.id_product,a.reference,a.price,b.name,b.link_rewrite,c.id_image from ps_product a  
    RIGHT JOIN  ps_product_lang b on a.id_product=b.id_product  
    RIGHT JOIN ps_image c on a.id_product=c.id_product 
    where a.reference in () 
    and b.id_shop=1
    GROUP BY id_product</pre> at line 791 in file classes/db/Db.php
*ERROR* 	2016/01/12 - 21:09:51: You have an error in your SQL syntax; check the manual that corresponds to your MySQL server version for the right syntax to use near ') 
    and b.id_shop=1
    GROUP BY id_product' at line 4<br /><br /><pre>SELECT a.id_product,a.reference,a.price,b.name,b.link_rewrite,c.id_image from ps_product a  
    RIGHT JOIN  ps_product_lang b on a.id_product=b.id_product  
    RIGHT JOIN ps_image c on a.id_product=c.id_product 
    where a.reference in () 
    and b.id_shop=1
    GROUP BY id_product</pre> at line 791 in file classes/db/Db.php
*ERROR* 	2016/01/12 - 21:09:53: You have an error in your SQL syntax; check the manual that corresponds to your MySQL server version for the right syntax to use near ') 
    and b.id_shop=1
    GROUP BY id_product' at line 4<br /><br /><pre>SELECT a.id_product,a.reference,a.price,b.name,b.link_rewrite,c.id_image from ps_product a  
    RIGHT JOIN  ps_product_lang b on a.id_product=b.id_product  
    RIGHT JOIN ps_image c on a.id_product=c.id_product 
    where a.reference in () 
    and b.id_shop=1
    GROUP BY id_product</pre> at line 791 in file classes/db/Db.php
